#
# A fatal error has been detected by the Java Runtime Environment:
#
#  EXCEPTION_ACCESS_VIOLATION (0xc0000005) at pc=0x000000070fca8588, pid=20828, tid=21144
#
# JRE version: OpenJDK Runtime Environment JBR-11.0.10.9-1341.41-dcevm (11.0.10+9) (build 11.0.10+9-b1341.41)
# Java VM: Dynamic Code Evolution 64-Bit Server VM JBR-11.0.10.9-1341.41-dcevm (11.0.10+9-b1341.41, mixed mode, tiered, compressed oops, g1 gc, windows-amd64)
# Problematic frame:
# C  0x000000070fca8588
#
# No core dump will be written. Minidumps are not enabled by default on client versions of Windows
#
# If you would like to submit a bug report, please visit:
#   https://bugreport.java.com/bugreport/crash.jsp
#

---------------  S U M M A R Y ------------

Command Line: -Dfile.encoding=windows-1252 C:\Users\Ricky\IdeaProjects\RayTracer\out\artifacts\RayTracer_jar\RayTracer.jar

Host: AMD Ryzen 7 1700X Eight-Core Processor         , 16 cores, 15G,  Windows 10 , 64 bit Build 18362 (10.0.18362.1500)
Time: Mon Jun  7 23:45:15 2021 ora legale Europa occidentale elapsed time: 0.233996 seconds (0d 0h 0m 0s)

---------------  T H R E A D  ---------------

Current thread (0x00000228595c2800):  JavaThread "pool-1-thread-39" [_thread_in_Java, id=21144, stack(0x0000009535500000,0x0000009535600000)]

Stack: [0x0000009535500000,0x0000009535600000],  sp=0x00000095355fed00,  free space=1019k
Native frames: (J=compiled Java code, j=interpreted, Vv=VM code, C=native code)
C  0x000000070fca8588


siginfo: EXCEPTION_ACCESS_VIOLATION (0xc0000005), data execution prevention violation at address 0x000000070fca8588


Register to memory mapping:

RIP=0x000000070fca8588 is an oop: [D 
{0x000000070fca8588} - klass: {type array double}
 - length: 3
RAX=0x0000000000001c43 is an unknown value
RBX=0x0000000710f0d5a8 is an oop: java.lang.String 
{0x0000000710f0d5a8} - klass: 'java/lang/String'
RCX=0x0 is NULL
RDX=0x0000022858c978d8 is pointing into metadata
RSP=0x00000095355fed00 is pointing into the stack for thread: 0x00000228595c2800
RBP=0x000000070fca84f8 is an oop: [Lrendering.Vector3d; 
{0x000000070fca84f8} - klass: 'rendering/Vector3d'[]
 - length: 3
RSI=0x0000000000000300 is an unknown value
RDI=0x0000000000001bd3 is an unknown value
R8 =0x00000000000002b0 is an unknown value
R9 =0x0000000000000099 is an unknown value
R10=0x0000022838021000 points into unknown readable memory: 0x0000000000000000 | 00 00 00 00 00 00 00 00
R11=0x000002283cc612c0 is at entry_point+32 in (nmethod*)0x000002283cc61090
R12=0x0 is NULL
R13=0x00000095355fedc8 is pointing into the stack for thread: 0x00000228595c2800
R14=0x0 is NULL
R15=0x00000228595c2800 is a thread


Registers:
RAX=0x0000000000001c43, RBX=0x0000000710f0d5a8, RCX=0x0000000000000000, RDX=0x0000022858c978d8
RSP=0x00000095355fed00, RBP=0x000000070fca84f8, RSI=0x0000000000000300, RDI=0x0000000000001bd3
R8 =0x00000000000002b0, R9 =0x0000000000000099, R10=0x0000022838021000, R11=0x000002283cc612c0
R12=0x0000000000000000, R13=0x00000095355fedc8, R14=0x0000000000000000, R15=0x00000228595c2800
RIP=0x000000070fca8588, EFLAGS=0x0000000000010246

Top of Stack: (sp=0x00000095355fed00)
0x00000095355fed00:   00000095355fee18 000002283cc5cfb4
0x00000095355fed10:   000000070fca84c0 000000070fca84e8
0x00000095355fed20:   000000070fca8920 3e99999a3dcccccd
0x00000095355fed30:   000000003f19999a 000000070fca84f8
0x00000095355fed40:   00000095355fee18 000002283cc6142c
0x00000095355fed50:   000000070fca8510 000000070fca86f0
0x00000095355fed60:   000000070fca8718 0000022800000000
0x00000095355fed70:   0000000710df3d90 0000000710f582e0
0x00000095355fed80:   0000001300000005 000000070fca84e8
0x00000095355fed90:   0000000710df3df0 000000070fca8920
0x00000095355feda0:   3e99999a3dcccccd 000002283c469e80
0x00000095355fedb0:   00000095355fee18 000002283c469e80
0x00000095355fedc0:   000002283c469e80 0000000710df3df0
0x00000095355fedd0:   00000095355fedd0 0000022858c44346
0x00000095355fede0:   00000095355feef0 0000022858c45d28
0x00000095355fedf0:   0000000000000000 0000000710df37d8 

Instructions: (pc=0x000000070fca8588)
0x000000070fca8488:   01 00 00 00 00 00 00 00 d0 0c 00 00 01 00 00 00
0x000000070fca8498:   99 4d 1a 00 00 00 00 00 05 00 00 00 00 00 00 00
0x000000070fca84a8:   c8 55 04 00 00 00 00 00 ff ff ff ff 00 00 00 00
0x000000070fca84b8:   18 e8 1b e2 00 00 00 00 05 00 00 00 00 00 00 00
0x000000070fca84c8:   68 7a 06 00 00 00 00 00 90 6c 87 38 8f 25 e0 bf
0x000000070fca84d8:   05 ae 53 0f d1 fa d0 bf 00 00 00 00 00 00 f0 bf
0x000000070fca84e8:   05 00 00 00 00 00 00 00 28 ad 0a 00 a3 50 f9 e1
0x000000070fca84f8:   01 00 00 00 00 00 00 00 a0 b2 0a 00 03 00 00 00
0x000000070fca8508:   4d 16 18 e2 43 16 18 e2 48 16 18 e2 00 00 00 00
0x000000070fca8518:   01 00 00 00 00 00 00 00 50 5f 0a 00 03 00 00 00
0x000000070fca8528:   a7 50 f9 e1 ac 50 f9 e1 b1 50 f9 e1 00 00 00 00
0x000000070fca8538:   01 00 00 00 00 00 00 00 88 06 00 00 03 00 00 00
0x000000070fca8548:   00 00 00 00 00 00 f0 3f 00 00 00 00 00 00 00 00
0x000000070fca8558:   00 00 00 00 00 00 00 00 01 00 00 00 00 00 00 00
0x000000070fca8568:   88 06 00 00 03 00 00 00 00 00 00 00 00 00 00 00
0x000000070fca8578:   00 00 00 00 00 00 f0 3f 00 00 00 00 00 00 00 00
0x000000070fca8588:   01 00 00 00 00 00 00 00 88 06 00 00 03 00 00 00
0x000000070fca8598:   00 00 00 00 00 00 00 00 00 00 00 00 00 00 00 00
0x000000070fca85a8:   00 00 00 00 00 00 f0 3f 05 00 00 00 00 00 00 00
0x000000070fca85b8:   68 7a 06 00 00 00 00 00 00 00 00 00 00 00 f0 3f
0x000000070fca85c8:   00 00 00 00 00 00 00 00 00 00 00 00 00 00 00 00
0x000000070fca85d8:   05 00 00 00 00 00 00 00 68 7a 06 00 00 00 00 00
0x000000070fca85e8:   90 6c 87 38 8f 25 e0 bf 00 00 00 00 00 00 00 80
0x000000070fca85f8:   00 00 00 00 00 00 00 80 05 00 00 00 00 00 00 00
0x000000070fca8608:   68 7a 06 00 00 00 00 00 00 00 00 00 00 00 00 00
0x000000070fca8618:   00 00 00 00 00 00 f0 3f 00 00 00 00 00 00 00 00
0x000000070fca8628:   05 00 00 00 00 00 00 00 68 7a 06 00 00 00 00 00
0x000000070fca8638:   00 00 00 00 00 00 00 80 05 ae 53 0f d1 fa d0 bf
0x000000070fca8648:   00 00 00 00 00 00 00 80 05 00 00 00 00 00 00 00
0x000000070fca8658:   68 7a 06 00 00 00 00 00 00 00 00 00 00 00 00 00
0x000000070fca8668:   00 00 00 00 00 00 00 00 00 00 00 00 00 00 f0 3f
0x000000070fca8678:   05 00 00 00 00 00 00 00 68 7a 06 00 00 00 00 00 


Stack slot to memory mapping:
stack at sp + 0 slots: 0x00000095355fee18 is pointing into the stack for thread: 0x00000228595c2800
stack at sp + 1 slots: 0x000002283cc5cfb4 is at entry_point+212 in (nmethod*)0x000002283cc5cc90
stack at sp + 2 slots: 0x000000070fca84c0 is an oop: rendering.Vector3d 
{0x000000070fca84c0} - klass: 'rendering/Vector3d'
stack at sp + 3 slots: 0x000000070fca84e8 is an oop: rendering.Matrix3D 
{0x000000070fca84e8} - klass: 'rendering/Matrix3D'
stack at sp + 4 slots: 0x000000070fca8920 is an oop: java.awt.Color 
{0x000000070fca8920} - klass: 'java/awt/Color'
stack at sp + 5 slots: 0x3e99999a3dcccccd is an unknown value
stack at sp + 6 slots: 0x000000003f19999a is an unknown value
stack at sp + 7 slots: 0x000000070fca84f8 is an oop: [Lrendering.Vector3d; 
{0x000000070fca84f8} - klass: 'rendering/Vector3d'[]
 - length: 3


---------------  P R O C E S S  ---------------

Threads class SMR info:
_java_thread_list=0x00000228595eef50, length=76, elements={
0x000002283884b800, 0x0000022858e49800, 0x0000022858e72800, 0x0000022858ec7800,
0x0000022858ec9800, 0x0000022858eca800, 0x0000022858ece000, 0x0000022858edc800,
0x0000022858ef3800, 0x0000022859052000, 0x0000022859129800, 0x0000022859423000,
0x000002285951f800, 0x0000022859522000, 0x0000022859525000, 0x0000022859527800,
0x0000022859500800, 0x0000022859501800, 0x0000022859502000, 0x0000022859503000,
0x0000022859503800, 0x0000022859508800, 0x000002285950a000, 0x0000022859507800,
0x0000022859506000, 0x0000022859505800, 0x0000022859509800, 0x000002285950b000,
0x000002285950c000, 0x0000022859507000, 0x0000022859555000, 0x000002285955b800,
0x0000022859558000, 0x0000022859559000, 0x0000022859555800, 0x000002285955a800,
0x000002285957b000, 0x000002285955c000, 0x0000022859559800, 0x0000022859556800,
0x000002285955d000, 0x0000022859557800, 0x0000022859562800, 0x0000022859560800,
0x000002285955e000, 0x0000022859563800, 0x0000022859596000, 0x0000022859561000,
0x000002285955e800, 0x0000022859562000, 0x000002285955f800, 0x00000228595c3800,
0x00000228595c2800, 0x00000228595c8800, 0x00000228595c5000, 0x0000022859608000,
0x000002285962c800, 0x000002285962e000, 0x00000228595c9000, 0x00000228595c6800,
0x00000228595ca000, 0x00000228595c6000, 0x00000228595c4800, 0x00000228595cb000,
0x00000228595c7800, 0x00000228595cc800, 0x00000228595cd800, 0x00000228595ce000,
0x00000228595cf000, 0x00000228595cb800, 0x00000228595cf800, 0x00000228595d0800,
0x00000228595d1800, 0x0000022859652800, 0x0000022859654000, 0x0000022859659000
}

Java Threads: ( => current thread )
  0x000002283884b800 JavaThread "main" [_thread_in_vm, id=12400, stack(0x0000009531a00000,0x0000009531b00000)]
  0x0000022858e49800 JavaThread "Reference Handler" daemon [_thread_blocked, id=12924, stack(0x0000009532100000,0x0000009532200000)]
  0x0000022858e72800 JavaThread "Finalizer" daemon [_thread_blocked, id=8892, stack(0x0000009532200000,0x0000009532300000)]
  0x0000022858ec7800 JavaThread "Signal Dispatcher" daemon [_thread_blocked, id=20116, stack(0x0000009532300000,0x0000009532400000)]
  0x0000022858ec9800 JavaThread "Attach Listener" daemon [_thread_blocked, id=18600, stack(0x0000009532400000,0x0000009532500000)]
  0x0000022858eca800 JavaThread "Service Thread" daemon [_thread_blocked, id=18904, stack(0x0000009532500000,0x0000009532600000)]
  0x0000022858ece000 JavaThread "C2 CompilerThread0" daemon [_thread_in_vm, id=20844, stack(0x0000009532600000,0x0000009532700000)]
  0x0000022858edc800 JavaThread "C1 CompilerThread0" daemon [_thread_blocked, id=7988, stack(0x0000009532700000,0x0000009532800000)]
  0x0000022858ef3800 JavaThread "Sweeper thread" daemon [_thread_blocked, id=12608, stack(0x0000009532800000,0x0000009532900000)]
  0x0000022859052000 JavaThread "Common-Cleaner" daemon [_thread_blocked, id=1868, stack(0x0000009532a00000,0x0000009532b00000)]
  0x0000022859129800 JavaThread "C1 CompilerThread1" daemon [_thread_blocked, id=20892, stack(0x0000009532b00000,0x0000009532c00000)]
  0x0000022859423000 JavaThread "C1 CompilerThread2" daemon [_thread_blocked, id=7232, stack(0x0000009532c00000,0x0000009532d00000)]
  0x000002285951f800 JavaThread "pool-1-thread-1" [_thread_in_vm, id=19668, stack(0x0000009532d00000,0x0000009532e00000)]
  0x0000022859522000 JavaThread "pool-1-thread-2" [_thread_blocked, id=10244, stack(0x0000009532e00000,0x0000009532f00000)]
  0x0000022859525000 JavaThread "pool-1-thread-3" [_thread_blocked, id=18700, stack(0x0000009532f00000,0x0000009533000000)]
  0x0000022859527800 JavaThread "pool-1-thread-4" [_thread_in_vm, id=6888, stack(0x0000009533000000,0x0000009533100000)]
  0x0000022859500800 JavaThread "pool-1-thread-5" [_thread_blocked, id=11160, stack(0x0000009533100000,0x0000009533200000)]
  0x0000022859501800 JavaThread "pool-1-thread-6" [_thread_in_vm, id=9752, stack(0x0000009533200000,0x0000009533300000)]
  0x0000022859502000 JavaThread "pool-1-thread-7" [_thread_blocked, id=21348, stack(0x0000009533300000,0x0000009533400000)]
  0x0000022859503000 JavaThread "pool-1-thread-8" [_thread_blocked, id=21336, stack(0x0000009533400000,0x0000009533500000)]
  0x0000022859503800 JavaThread "pool-1-thread-9" [_thread_blocked, id=12116, stack(0x0000009533500000,0x0000009533600000)]
  0x0000022859508800 JavaThread "pool-1-thread-10" [_thread_in_vm, id=5580, stack(0x0000009533600000,0x0000009533700000)]
  0x000002285950a000 JavaThread "pool-1-thread-11" [_thread_in_vm, id=22288, stack(0x0000009533700000,0x0000009533800000)]
  0x0000022859507800 JavaThread "pool-1-thread-12" [_thread_blocked, id=4580, stack(0x0000009533800000,0x0000009533900000)]
  0x0000022859506000 JavaThread "pool-1-thread-13" [_thread_blocked, id=22116, stack(0x0000009533900000,0x0000009533a00000)]
  0x0000022859505800 JavaThread "pool-1-thread-14" [_thread_blocked, id=20724, stack(0x0000009533a00000,0x0000009533b00000)]
  0x0000022859509800 JavaThread "pool-1-thread-15" [_thread_blocked, id=5516, stack(0x0000009533b00000,0x0000009533c00000)]
  0x000002285950b000 JavaThread "pool-1-thread-16" [_thread_blocked, id=21536, stack(0x0000009533c00000,0x0000009533d00000)]
  0x000002285950c000 JavaThread "pool-1-thread-17" [_thread_blocked, id=20536, stack(0x0000009533d00000,0x0000009533e00000)]
  0x0000022859507000 JavaThread "pool-1-thread-18" [_thread_in_vm, id=12744, stack(0x0000009533e00000,0x0000009533f00000)]
  0x0000022859555000 JavaThread "pool-1-thread-19" [_thread_blocked, id=15856, stack(0x0000009533f00000,0x0000009534000000)]
  0x000002285955b800 JavaThread "pool-1-thread-20" [_thread_blocked, id=12404, stack(0x0000009534000000,0x0000009534100000)]
  0x0000022859558000 JavaThread "pool-1-thread-21" [_thread_in_Java, id=5004, stack(0x0000009534100000,0x0000009534200000)]
  0x0000022859559000 JavaThread "pool-1-thread-22" [_thread_in_vm, id=18492, stack(0x0000009534200000,0x0000009534300000)]
  0x0000022859555800 JavaThread "pool-1-thread-23" [_thread_blocked, id=22328, stack(0x0000009534300000,0x0000009534400000)]
  0x000002285955a800 JavaThread "pool-1-thread-24" [_thread_in_vm, id=16108, stack(0x0000009534400000,0x0000009534500000)]
  0x000002285957b000 JavaThread "C1 CompilerThread3" daemon [_thread_blocked, id=9888, stack(0x0000009534500000,0x0000009534600000)]
  0x000002285955c000 JavaThread "pool-1-thread-25" [_thread_blocked, id=7276, stack(0x0000009534600000,0x0000009534700000)]
  0x0000022859559800 JavaThread "pool-1-thread-26" [_thread_blocked, id=1712, stack(0x0000009534700000,0x0000009534800000)]
  0x0000022859556800 JavaThread "pool-1-thread-27" [_thread_in_vm, id=12236, stack(0x0000009534800000,0x0000009534900000)]
  0x000002285955d000 JavaThread "pool-1-thread-28" [_thread_blocked, id=16748, stack(0x0000009534900000,0x0000009534a00000)]
  0x0000022859557800 JavaThread "pool-1-thread-29" [_thread_blocked, id=15284, stack(0x0000009534a00000,0x0000009534b00000)]
  0x0000022859562800 JavaThread "pool-1-thread-30" [_thread_blocked, id=3868, stack(0x0000009534b00000,0x0000009534c00000)]
  0x0000022859560800 JavaThread "pool-1-thread-31" [_thread_blocked, id=11784, stack(0x0000009534c00000,0x0000009534d00000)]
  0x000002285955e000 JavaThread "pool-1-thread-32" [_thread_blocked, id=20036, stack(0x0000009534d00000,0x0000009534e00000)]
  0x0000022859563800 JavaThread "pool-1-thread-33" [_thread_blocked, id=13800, stack(0x0000009534e00000,0x0000009534f00000)]
  0x0000022859596000 JavaThread "C2 CompilerThread1" daemon [_thread_blocked, id=16752, stack(0x0000009534f00000,0x0000009535000000)]
  0x0000022859561000 JavaThread "pool-1-thread-34" [_thread_blocked, id=17180, stack(0x0000009535000000,0x0000009535100000)]
  0x000002285955e800 JavaThread "pool-1-thread-35" [_thread_blocked, id=21152, stack(0x0000009535100000,0x0000009535200000)]
  0x0000022859562000 JavaThread "pool-1-thread-36" [_thread_blocked, id=8976, stack(0x0000009535200000,0x0000009535300000)]
  0x000002285955f800 JavaThread "pool-1-thread-37" [_thread_blocked, id=12056, stack(0x0000009535300000,0x0000009535400000)]
  0x00000228595c3800 JavaThread "pool-1-thread-38" [_thread_in_vm, id=18960, stack(0x0000009535400000,0x0000009535500000)]
=>0x00000228595c2800 JavaThread "pool-1-thread-39" [_thread_in_Java, id=21144, stack(0x0000009535500000,0x0000009535600000)]
  0x00000228595c8800 JavaThread "pool-1-thread-40" [_thread_in_vm, id=8676, stack(0x0000009535600000,0x0000009535700000)]
  0x00000228595c5000 JavaThread "pool-1-thread-41" [_thread_blocked, id=16152, stack(0x0000009535700000,0x0000009535800000)]
  0x0000022859608000 JavaThread "C2 CompilerThread2" daemon [_thread_blocked, id=1672, stack(0x0000009535800000,0x0000009535900000)]
  0x000002285962c800 JavaThread "C2 CompilerThread3" daemon [_thread_blocked, id=22488, stack(0x0000009535900000,0x0000009535a00000)]
  0x000002285962e000 JavaThread "C2 CompilerThread4" daemon [_thread_blocked, id=2680, stack(0x0000009535a00000,0x0000009535b00000)]
  0x00000228595c9000 JavaThread "pool-1-thread-42" [_thread_blocked, id=4616, stack(0x0000009535b00000,0x0000009535c00000)]
  0x00000228595c6800 JavaThread "pool-1-thread-43" [_thread_blocked, id=12076, stack(0x0000009535c00000,0x0000009535d00000)]
  0x00000228595ca000 JavaThread "pool-1-thread-44" [_thread_blocked, id=9800, stack(0x0000009535d00000,0x0000009535e00000)]
  0x00000228595c6000 JavaThread "pool-1-thread-45" [_thread_blocked, id=8044, stack(0x0000009535e00000,0x0000009535f00000)]
  0x00000228595c4800 JavaThread "pool-1-thread-46" [_thread_blocked, id=15416, stack(0x0000009535f00000,0x0000009536000000)]
  0x00000228595cb000 JavaThread "pool-1-thread-47" [_thread_blocked, id=18364, stack(0x0000009536000000,0x0000009536100000)]
  0x00000228595c7800 JavaThread "pool-1-thread-48" [_thread_in_vm, id=8648, stack(0x0000009536100000,0x0000009536200000)]
  0x00000228595cc800 JavaThread "pool-1-thread-49" [_thread_blocked, id=22016, stack(0x0000009536200000,0x0000009536300000)]
  0x00000228595cd800 JavaThread "pool-1-thread-50" [_thread_blocked, id=5696, stack(0x0000009536300000,0x0000009536400000)]
  0x00000228595ce000 JavaThread "pool-1-thread-51" [_thread_blocked, id=13524, stack(0x0000009536400000,0x0000009536500000)]
  0x00000228595cf000 JavaThread "pool-1-thread-52" [_thread_blocked, id=21548, stack(0x0000009536500000,0x0000009536600000)]
  0x00000228595cb800 JavaThread "pool-1-thread-53" [_thread_blocked, id=12500, stack(0x0000009536600000,0x0000009536700000)]
  0x00000228595cf800 JavaThread "pool-1-thread-54" [_thread_blocked, id=15916, stack(0x0000009536700000,0x0000009536800000)]
  0x00000228595d0800 JavaThread "pool-1-thread-55" [_thread_blocked, id=6072, stack(0x0000009536800000,0x0000009536900000)]
  0x00000228595d1800 JavaThread "pool-1-thread-56" [_thread_blocked, id=11468, stack(0x0000009536900000,0x0000009536a00000)]
  0x0000022859652800 JavaThread "pool-1-thread-57" [_thread_blocked, id=3516, stack(0x0000009536a00000,0x0000009536b00000)]
  0x0000022859654000 JavaThread "pool-1-thread-58" [_thread_blocked, id=15820, stack(0x0000009536b00000,0x0000009536c00000)]
  0x0000022859659000 JavaThread "pool-1-thread-59" [_thread_blocked, id=21464, stack(0x0000009536c00000,0x0000009536d00000)]

Other Threads:
  0x0000022858e45800 VMThread "VM Thread" [stack: 0x0000009532000000,0x0000009532100000] [id=2828] _threads_hazard_ptr=0x00000228595eef50
  0x0000022859051000 WatcherThread [stack: 0x0000009532900000,0x0000009532a00000] [id=7228]
  0x0000022838864000 GCTaskThread "GC Thread#0" [stack: 0x0000009531b00000,0x0000009531c00000] [id=13332]
  0x00000228388c3800 ConcurrentGCThread "G1 Main Marker" [stack: 0x0000009531c00000,0x0000009531d00000] [id=16672]
  0x00000228388c6000 ConcurrentGCThread "G1 Conc#0" [stack: 0x0000009531d00000,0x0000009531e00000] [id=11700]
  0x00000228584a8000 ConcurrentGCThread "G1 Refine#0" [stack: 0x0000009531e00000,0x0000009531f00000] [id=22140]
  0x00000228584ab000 ConcurrentGCThread "G1 Young RemSet Sampling" [stack: 0x0000009531f00000,0x0000009532000000] [id=11460]

Threads with active compile tasks:
C2 CompilerThread0    256  534       4       rendering.Camera::convertToFixedSystem (40 bytes)
C2 CompilerThread1    256  514       4       rendering.Matrix3D::<init> (138 bytes)
C2 CompilerThread2    256  536       4       java.awt.image.DirectColorModel::getDataElements (928 bytes)
C2 CompilerThread3    256  535       4       rendering.BVH::intersect (320 bytes)
C2 CompilerThread4    257  533       4       rendering.Ray::<init> (18 bytes)

VM state:synchronizing (normal execution)

VM Mutex/Monitor currently owned by a thread:  ([mutex/lock_event])
[0x0000022838848d20] Safepoint_lock - owner thread: 0x0000022858e45800
[0x0000022838849230] Threads_lock - owner thread: 0x0000022858e45800
[0x0000022838849620] Heap_lock - owner thread: 0x0000022859525000

Heap address: 0x0000000701000000, size: 4080 MB, Compressed Oops mode: Zero based, Oop shift amount: 3
Narrow klass base: 0x0000000800000000, Narrow klass shift: 0
Compressed class space size: 1073741824 Address: 0x0000000800000000

Heap:
 garbage-first heap   total 262144K, used 27648K [0x0000000701000000, 0x0000000800000000)
  region size 1024K, 24 young (24576K), 0 survivors (0K)
 Metaspace       used 7594K, capacity 7752K, committed 7936K, reserved 1056768K
  class space    used 681K, capacity 755K, committed 768K, reserved 1048576K
Heap Regions: E=young(eden), S=young(survivor), O=old, HS=humongous(starts), HC=humongous(continues), CS=collection set, F=free, A=archive, TAMS=top-at-mark-start (previous, next)
|   0|0x0000000701000000, 0x0000000701100000, 0x0000000701100000|100%|HS|  |TAMS 0x0000000701000000, 0x0000000701000000| Complete 
|   1|0x0000000701100000, 0x0000000701200000, 0x0000000701200000|100%|HC|  |TAMS 0x0000000701100000, 0x0000000701100000| Complete 
|   2|0x0000000701200000, 0x0000000701300000, 0x0000000701300000|100%|HC|  |TAMS 0x0000000701200000, 0x0000000701200000| Complete 
|   3|0x0000000701300000, 0x0000000701300000, 0x0000000701400000|  0%| F|  |TAMS 0x0000000701300000, 0x0000000701300000| Untracked 
|   4|0x0000000701400000, 0x0000000701400000, 0x0000000701500000|  0%| F|  |TAMS 0x0000000701400000, 0x0000000701400000| Untracked 
|   5|0x0000000701500000, 0x0000000701500000, 0x0000000701600000|  0%| F|  |TAMS 0x0000000701500000, 0x0000000701500000| Untracked 
|   6|0x0000000701600000, 0x0000000701600000, 0x0000000701700000|  0%| F|  |TAMS 0x0000000701600000, 0x0000000701600000| Untracked 
|   7|0x0000000701700000, 0x0000000701700000, 0x0000000701800000|  0%| F|  |TAMS 0x0000000701700000, 0x0000000701700000| Untracked 
|   8|0x0000000701800000, 0x0000000701800000, 0x0000000701900000|  0%| F|  |TAMS 0x0000000701800000, 0x0000000701800000| Untracked 
|   9|0x0000000701900000, 0x0000000701900000, 0x0000000701a00000|  0%| F|  |TAMS 0x0000000701900000, 0x0000000701900000| Untracked 
|  10|0x0000000701a00000, 0x0000000701a00000, 0x0000000701b00000|  0%| F|  |TAMS 0x0000000701a00000, 0x0000000701a00000| Untracked 
|  11|0x0000000701b00000, 0x0000000701b00000, 0x0000000701c00000|  0%| F|  |TAMS 0x0000000701b00000, 0x0000000701b00000| Untracked 
|  12|0x0000000701c00000, 0x0000000701c00000, 0x0000000701d00000|  0%| F|  |TAMS 0x0000000701c00000, 0x0000000701c00000| Untracked 
|  13|0x0000000701d00000, 0x0000000701d00000, 0x0000000701e00000|  0%| F|  |TAMS 0x0000000701d00000, 0x0000000701d00000| Untracked 
|  14|0x0000000701e00000, 0x0000000701e00000, 0x0000000701f00000|  0%| F|  |TAMS 0x0000000701e00000, 0x0000000701e00000| Untracked 
|  15|0x0000000701f00000, 0x0000000701f00000, 0x0000000702000000|  0%| F|  |TAMS 0x0000000701f00000, 0x0000000701f00000| Untracked 
|  16|0x0000000702000000, 0x0000000702000000, 0x0000000702100000|  0%| F|  |TAMS 0x0000000702000000, 0x0000000702000000| Untracked 
|  17|0x0000000702100000, 0x0000000702100000, 0x0000000702200000|  0%| F|  |TAMS 0x0000000702100000, 0x0000000702100000| Untracked 
|  18|0x0000000702200000, 0x0000000702200000, 0x0000000702300000|  0%| F|  |TAMS 0x0000000702200000, 0x0000000702200000| Untracked 
|  19|0x0000000702300000, 0x0000000702300000, 0x0000000702400000|  0%| F|  |TAMS 0x0000000702300000, 0x0000000702300000| Untracked 
|  20|0x0000000702400000, 0x0000000702400000, 0x0000000702500000|  0%| F|  |TAMS 0x0000000702400000, 0x0000000702400000| Untracked 
|  21|0x0000000702500000, 0x0000000702500000, 0x0000000702600000|  0%| F|  |TAMS 0x0000000702500000, 0x0000000702500000| Untracked 
|  22|0x0000000702600000, 0x0000000702600000, 0x0000000702700000|  0%| F|  |TAMS 0x0000000702600000, 0x0000000702600000| Untracked 
|  23|0x0000000702700000, 0x0000000702700000, 0x0000000702800000|  0%| F|  |TAMS 0x0000000702700000, 0x0000000702700000| Untracked 
|  24|0x0000000702800000, 0x0000000702800000, 0x0000000702900000|  0%| F|  |TAMS 0x0000000702800000, 0x0000000702800000| Untracked 
|  25|0x0000000702900000, 0x0000000702900000, 0x0000000702a00000|  0%| F|  |TAMS 0x0000000702900000, 0x0000000702900000| Untracked 
|  26|0x0000000702a00000, 0x0000000702a00000, 0x0000000702b00000|  0%| F|  |TAMS 0x0000000702a00000, 0x0000000702a00000| Untracked 
|  27|0x0000000702b00000, 0x0000000702b00000, 0x0000000702c00000|  0%| F|  |TAMS 0x0000000702b00000, 0x0000000702b00000| Untracked 
|  28|0x0000000702c00000, 0x0000000702c00000, 0x0000000702d00000|  0%| F|  |TAMS 0x0000000702c00000, 0x0000000702c00000| Untracked 
|  29|0x0000000702d00000, 0x0000000702d00000, 0x0000000702e00000|  0%| F|  |TAMS 0x0000000702d00000, 0x0000000702d00000| Untracked 
|  30|0x0000000702e00000, 0x0000000702e00000, 0x0000000702f00000|  0%| F|  |TAMS 0x0000000702e00000, 0x0000000702e00000| Untracked 
|  31|0x0000000702f00000, 0x0000000702f00000, 0x0000000703000000|  0%| F|  |TAMS 0x0000000702f00000, 0x0000000702f00000| Untracked 
|  32|0x0000000703000000, 0x0000000703000000, 0x0000000703100000|  0%| F|  |TAMS 0x0000000703000000, 0x0000000703000000| Untracked 
|  33|0x0000000703100000, 0x0000000703100000, 0x0000000703200000|  0%| F|  |TAMS 0x0000000703100000, 0x0000000703100000| Untracked 
|  34|0x0000000703200000, 0x0000000703200000, 0x0000000703300000|  0%| F|  |TAMS 0x0000000703200000, 0x0000000703200000| Untracked 
|  35|0x0000000703300000, 0x0000000703300000, 0x0000000703400000|  0%| F|  |TAMS 0x0000000703300000, 0x0000000703300000| Untracked 
|  36|0x0000000703400000, 0x0000000703400000, 0x0000000703500000|  0%| F|  |TAMS 0x0000000703400000, 0x0000000703400000| Untracked 
|  37|0x0000000703500000, 0x0000000703500000, 0x0000000703600000|  0%| F|  |TAMS 0x0000000703500000, 0x0000000703500000| Untracked 
|  38|0x0000000703600000, 0x0000000703600000, 0x0000000703700000|  0%| F|  |TAMS 0x0000000703600000, 0x0000000703600000| Untracked 
|  39|0x0000000703700000, 0x0000000703700000, 0x0000000703800000|  0%| F|  |TAMS 0x0000000703700000, 0x0000000703700000| Untracked 
|  40|0x0000000703800000, 0x0000000703800000, 0x0000000703900000|  0%| F|  |TAMS 0x0000000703800000, 0x0000000703800000| Untracked 
|  41|0x0000000703900000, 0x0000000703900000, 0x0000000703a00000|  0%| F|  |TAMS 0x0000000703900000, 0x0000000703900000| Untracked 
|  42|0x0000000703a00000, 0x0000000703a00000, 0x0000000703b00000|  0%| F|  |TAMS 0x0000000703a00000, 0x0000000703a00000| Untracked 
|  43|0x0000000703b00000, 0x0000000703b00000, 0x0000000703c00000|  0%| F|  |TAMS 0x0000000703b00000, 0x0000000703b00000| Untracked 
|  44|0x0000000703c00000, 0x0000000703c00000, 0x0000000703d00000|  0%| F|  |TAMS 0x0000000703c00000, 0x0000000703c00000| Untracked 
|  45|0x0000000703d00000, 0x0000000703d00000, 0x0000000703e00000|  0%| F|  |TAMS 0x0000000703d00000, 0x0000000703d00000| Untracked 
|  46|0x0000000703e00000, 0x0000000703e00000, 0x0000000703f00000|  0%| F|  |TAMS 0x0000000703e00000, 0x0000000703e00000| Untracked 
|  47|0x0000000703f00000, 0x0000000703f00000, 0x0000000704000000|  0%| F|  |TAMS 0x0000000703f00000, 0x0000000703f00000| Untracked 
|  48|0x0000000704000000, 0x0000000704000000, 0x0000000704100000|  0%| F|  |TAMS 0x0000000704000000, 0x0000000704000000| Untracked 
|  49|0x0000000704100000, 0x0000000704100000, 0x0000000704200000|  0%| F|  |TAMS 0x0000000704100000, 0x0000000704100000| Untracked 
|  50|0x0000000704200000, 0x0000000704200000, 0x0000000704300000|  0%| F|  |TAMS 0x0000000704200000, 0x0000000704200000| Untracked 
|  51|0x0000000704300000, 0x0000000704300000, 0x0000000704400000|  0%| F|  |TAMS 0x0000000704300000, 0x0000000704300000| Untracked 
|  52|0x0000000704400000, 0x0000000704400000, 0x0000000704500000|  0%| F|  |TAMS 0x0000000704400000, 0x0000000704400000| Untracked 
|  53|0x0000000704500000, 0x0000000704500000, 0x0000000704600000|  0%| F|  |TAMS 0x0000000704500000, 0x0000000704500000| Untracked 
|  54|0x0000000704600000, 0x0000000704600000, 0x0000000704700000|  0%| F|  |TAMS 0x0000000704600000, 0x0000000704600000| Untracked 
|  55|0x0000000704700000, 0x0000000704700000, 0x0000000704800000|  0%| F|  |TAMS 0x0000000704700000, 0x0000000704700000| Untracked 
|  56|0x0000000704800000, 0x0000000704800000, 0x0000000704900000|  0%| F|  |TAMS 0x0000000704800000, 0x0000000704800000| Untracked 
|  57|0x0000000704900000, 0x0000000704900000, 0x0000000704a00000|  0%| F|  |TAMS 0x0000000704900000, 0x0000000704900000| Untracked 
|  58|0x0000000704a00000, 0x0000000704a00000, 0x0000000704b00000|  0%| F|  |TAMS 0x0000000704a00000, 0x0000000704a00000| Untracked 
|  59|0x0000000704b00000, 0x0000000704b00000, 0x0000000704c00000|  0%| F|  |TAMS 0x0000000704b00000, 0x0000000704b00000| Untracked 
|  60|0x0000000704c00000, 0x0000000704c00000, 0x0000000704d00000|  0%| F|  |TAMS 0x0000000704c00000, 0x0000000704c00000| Untracked 
|  61|0x0000000704d00000, 0x0000000704d00000, 0x0000000704e00000|  0%| F|  |TAMS 0x0000000704d00000, 0x0000000704d00000| Untracked 
|  62|0x0000000704e00000, 0x0000000704e00000, 0x0000000704f00000|  0%| F|  |TAMS 0x0000000704e00000, 0x0000000704e00000| Untracked 
|  63|0x0000000704f00000, 0x0000000704f00000, 0x0000000705000000|  0%| F|  |TAMS 0x0000000704f00000, 0x0000000704f00000| Untracked 
|  64|0x0000000705000000, 0x0000000705000000, 0x0000000705100000|  0%| F|  |TAMS 0x0000000705000000, 0x0000000705000000| Untracked 
|  65|0x0000000705100000, 0x0000000705100000, 0x0000000705200000|  0%| F|  |TAMS 0x0000000705100000, 0x0000000705100000| Untracked 
|  66|0x0000000705200000, 0x0000000705200000, 0x0000000705300000|  0%| F|  |TAMS 0x0000000705200000, 0x0000000705200000| Untracked 
|  67|0x0000000705300000, 0x0000000705300000, 0x0000000705400000|  0%| F|  |TAMS 0x0000000705300000, 0x0000000705300000| Untracked 
|  68|0x0000000705400000, 0x0000000705400000, 0x0000000705500000|  0%| F|  |TAMS 0x0000000705400000, 0x0000000705400000| Untracked 
|  69|0x0000000705500000, 0x0000000705500000, 0x0000000705600000|  0%| F|  |TAMS 0x0000000705500000, 0x0000000705500000| Untracked 
|  70|0x0000000705600000, 0x0000000705600000, 0x0000000705700000|  0%| F|  |TAMS 0x0000000705600000, 0x0000000705600000| Untracked 
|  71|0x0000000705700000, 0x0000000705700000, 0x0000000705800000|  0%| F|  |TAMS 0x0000000705700000, 0x0000000705700000| Untracked 
|  72|0x0000000705800000, 0x0000000705800000, 0x0000000705900000|  0%| F|  |TAMS 0x0000000705800000, 0x0000000705800000| Untracked 
|  73|0x0000000705900000, 0x0000000705900000, 0x0000000705a00000|  0%| F|  |TAMS 0x0000000705900000, 0x0000000705900000| Untracked 
|  74|0x0000000705a00000, 0x0000000705a00000, 0x0000000705b00000|  0%| F|  |TAMS 0x0000000705a00000, 0x0000000705a00000| Untracked 
|  75|0x0000000705b00000, 0x0000000705b00000, 0x0000000705c00000|  0%| F|  |TAMS 0x0000000705b00000, 0x0000000705b00000| Untracked 
|  76|0x0000000705c00000, 0x0000000705c00000, 0x0000000705d00000|  0%| F|  |TAMS 0x0000000705c00000, 0x0000000705c00000| Untracked 
|  77|0x0000000705d00000, 0x0000000705d00000, 0x0000000705e00000|  0%| F|  |TAMS 0x0000000705d00000, 0x0000000705d00000| Untracked 
|  78|0x0000000705e00000, 0x0000000705e00000, 0x0000000705f00000|  0%| F|  |TAMS 0x0000000705e00000, 0x0000000705e00000| Untracked 
|  79|0x0000000705f00000, 0x0000000705f00000, 0x0000000706000000|  0%| F|  |TAMS 0x0000000705f00000, 0x0000000705f00000| Untracked 
|  80|0x0000000706000000, 0x0000000706000000, 0x0000000706100000|  0%| F|  |TAMS 0x0000000706000000, 0x0000000706000000| Untracked 
|  81|0x0000000706100000, 0x0000000706100000, 0x0000000706200000|  0%| F|  |TAMS 0x0000000706100000, 0x0000000706100000| Untracked 
|  82|0x0000000706200000, 0x0000000706200000, 0x0000000706300000|  0%| F|  |TAMS 0x0000000706200000, 0x0000000706200000| Untracked 
|  83|0x0000000706300000, 0x0000000706300000, 0x0000000706400000|  0%| F|  |TAMS 0x0000000706300000, 0x0000000706300000| Untracked 
|  84|0x0000000706400000, 0x0000000706400000, 0x0000000706500000|  0%| F|  |TAMS 0x0000000706400000, 0x0000000706400000| Untracked 
|  85|0x0000000706500000, 0x0000000706500000, 0x0000000706600000|  0%| F|  |TAMS 0x0000000706500000, 0x0000000706500000| Untracked 
|  86|0x0000000706600000, 0x0000000706600000, 0x0000000706700000|  0%| F|  |TAMS 0x0000000706600000, 0x0000000706600000| Untracked 
|  87|0x0000000706700000, 0x0000000706700000, 0x0000000706800000|  0%| F|  |TAMS 0x0000000706700000, 0x0000000706700000| Untracked 
|  88|0x0000000706800000, 0x0000000706800000, 0x0000000706900000|  0%| F|  |TAMS 0x0000000706800000, 0x0000000706800000| Untracked 
|  89|0x0000000706900000, 0x0000000706900000, 0x0000000706a00000|  0%| F|  |TAMS 0x0000000706900000, 0x0000000706900000| Untracked 
|  90|0x0000000706a00000, 0x0000000706a00000, 0x0000000706b00000|  0%| F|  |TAMS 0x0000000706a00000, 0x0000000706a00000| Untracked 
|  91|0x0000000706b00000, 0x0000000706b00000, 0x0000000706c00000|  0%| F|  |TAMS 0x0000000706b00000, 0x0000000706b00000| Untracked 
|  92|0x0000000706c00000, 0x0000000706c00000, 0x0000000706d00000|  0%| F|  |TAMS 0x0000000706c00000, 0x0000000706c00000| Untracked 
|  93|0x0000000706d00000, 0x0000000706d00000, 0x0000000706e00000|  0%| F|  |TAMS 0x0000000706d00000, 0x0000000706d00000| Untracked 
|  94|0x0000000706e00000, 0x0000000706e00000, 0x0000000706f00000|  0%| F|  |TAMS 0x0000000706e00000, 0x0000000706e00000| Untracked 
|  95|0x0000000706f00000, 0x0000000706f00000, 0x0000000707000000|  0%| F|  |TAMS 0x0000000706f00000, 0x0000000706f00000| Untracked 
|  96|0x0000000707000000, 0x0000000707000000, 0x0000000707100000|  0%| F|  |TAMS 0x0000000707000000, 0x0000000707000000| Untracked 
|  97|0x0000000707100000, 0x0000000707100000, 0x0000000707200000|  0%| F|  |TAMS 0x0000000707100000, 0x0000000707100000| Untracked 
|  98|0x0000000707200000, 0x0000000707200000, 0x0000000707300000|  0%| F|  |TAMS 0x0000000707200000, 0x0000000707200000| Untracked 
|  99|0x0000000707300000, 0x0000000707300000, 0x0000000707400000|  0%| F|  |TAMS 0x0000000707300000, 0x0000000707300000| Untracked 
| 100|0x0000000707400000, 0x0000000707400000, 0x0000000707500000|  0%| F|  |TAMS 0x0000000707400000, 0x0000000707400000| Untracked 
| 101|0x0000000707500000, 0x0000000707500000, 0x0000000707600000|  0%| F|  |TAMS 0x0000000707500000, 0x0000000707500000| Untracked 
| 102|0x0000000707600000, 0x0000000707600000, 0x0000000707700000|  0%| F|  |TAMS 0x0000000707600000, 0x0000000707600000| Untracked 
| 103|0x0000000707700000, 0x0000000707700000, 0x0000000707800000|  0%| F|  |TAMS 0x0000000707700000, 0x0000000707700000| Untracked 
| 104|0x0000000707800000, 0x0000000707800000, 0x0000000707900000|  0%| F|  |TAMS 0x0000000707800000, 0x0000000707800000| Untracked 
| 105|0x0000000707900000, 0x0000000707900000, 0x0000000707a00000|  0%| F|  |TAMS 0x0000000707900000, 0x0000000707900000| Untracked 
| 106|0x0000000707a00000, 0x0000000707a00000, 0x0000000707b00000|  0%| F|  |TAMS 0x0000000707a00000, 0x0000000707a00000| Untracked 
| 107|0x0000000707b00000, 0x0000000707b00000, 0x0000000707c00000|  0%| F|  |TAMS 0x0000000707b00000, 0x0000000707b00000| Untracked 
| 108|0x0000000707c00000, 0x0000000707c00000, 0x0000000707d00000|  0%| F|  |TAMS 0x0000000707c00000, 0x0000000707c00000| Untracked 
| 109|0x0000000707d00000, 0x0000000707d00000, 0x0000000707e00000|  0%| F|  |TAMS 0x0000000707d00000, 0x0000000707d00000| Untracked 
| 110|0x0000000707e00000, 0x0000000707e00000, 0x0000000707f00000|  0%| F|  |TAMS 0x0000000707e00000, 0x0000000707e00000| Untracked 
| 111|0x0000000707f00000, 0x0000000707f00000, 0x0000000708000000|  0%| F|  |TAMS 0x0000000707f00000, 0x0000000707f00000| Untracked 
| 112|0x0000000708000000, 0x0000000708000000, 0x0000000708100000|  0%| F|  |TAMS 0x0000000708000000, 0x0000000708000000| Untracked 
| 113|0x0000000708100000, 0x0000000708100000, 0x0000000708200000|  0%| F|  |TAMS 0x0000000708100000, 0x0000000708100000| Untracked 
| 114|0x0000000708200000, 0x0000000708200000, 0x0000000708300000|  0%| F|  |TAMS 0x0000000708200000, 0x0000000708200000| Untracked 
| 115|0x0000000708300000, 0x0000000708300000, 0x0000000708400000|  0%| F|  |TAMS 0x0000000708300000, 0x0000000708300000| Untracked 
| 116|0x0000000708400000, 0x0000000708400000, 0x0000000708500000|  0%| F|  |TAMS 0x0000000708400000, 0x0000000708400000| Untracked 
| 117|0x0000000708500000, 0x0000000708500000, 0x0000000708600000|  0%| F|  |TAMS 0x0000000708500000, 0x0000000708500000| Untracked 
| 118|0x0000000708600000, 0x0000000708600000, 0x0000000708700000|  0%| F|  |TAMS 0x0000000708600000, 0x0000000708600000| Untracked 
| 119|0x0000000708700000, 0x0000000708700000, 0x0000000708800000|  0%| F|  |TAMS 0x0000000708700000, 0x0000000708700000| Untracked 
| 120|0x0000000708800000, 0x0000000708800000, 0x0000000708900000|  0%| F|  |TAMS 0x0000000708800000, 0x0000000708800000| Untracked 
| 121|0x0000000708900000, 0x0000000708900000, 0x0000000708a00000|  0%| F|  |TAMS 0x0000000708900000, 0x0000000708900000| Untracked 
| 122|0x0000000708a00000, 0x0000000708a00000, 0x0000000708b00000|  0%| F|  |TAMS 0x0000000708a00000, 0x0000000708a00000| Untracked 
| 123|0x0000000708b00000, 0x0000000708b00000, 0x0000000708c00000|  0%| F|  |TAMS 0x0000000708b00000, 0x0000000708b00000| Untracked 
| 124|0x0000000708c00000, 0x0000000708c00000, 0x0000000708d00000|  0%| F|  |TAMS 0x0000000708c00000, 0x0000000708c00000| Untracked 
| 125|0x0000000708d00000, 0x0000000708d00000, 0x0000000708e00000|  0%| F|  |TAMS 0x0000000708d00000, 0x0000000708d00000| Untracked 
| 126|0x0000000708e00000, 0x0000000708e00000, 0x0000000708f00000|  0%| F|  |TAMS 0x0000000708e00000, 0x0000000708e00000| Untracked 
| 127|0x0000000708f00000, 0x0000000708f00000, 0x0000000709000000|  0%| F|  |TAMS 0x0000000708f00000, 0x0000000708f00000| Untracked 
| 128|0x0000000709000000, 0x0000000709000000, 0x0000000709100000|  0%| F|  |TAMS 0x0000000709000000, 0x0000000709000000| Untracked 
| 129|0x0000000709100000, 0x0000000709100000, 0x0000000709200000|  0%| F|  |TAMS 0x0000000709100000, 0x0000000709100000| Untracked 
| 130|0x0000000709200000, 0x0000000709200000, 0x0000000709300000|  0%| F|  |TAMS 0x0000000709200000, 0x0000000709200000| Untracked 
| 131|0x0000000709300000, 0x0000000709300000, 0x0000000709400000|  0%| F|  |TAMS 0x0000000709300000, 0x0000000709300000| Untracked 
| 132|0x0000000709400000, 0x0000000709400000, 0x0000000709500000|  0%| F|  |TAMS 0x0000000709400000, 0x0000000709400000| Untracked 
| 133|0x0000000709500000, 0x0000000709500000, 0x0000000709600000|  0%| F|  |TAMS 0x0000000709500000, 0x0000000709500000| Untracked 
| 134|0x0000000709600000, 0x0000000709600000, 0x0000000709700000|  0%| F|  |TAMS 0x0000000709600000, 0x0000000709600000| Untracked 
| 135|0x0000000709700000, 0x0000000709700000, 0x0000000709800000|  0%| F|  |TAMS 0x0000000709700000, 0x0000000709700000| Untracked 
| 136|0x0000000709800000, 0x0000000709800000, 0x0000000709900000|  0%| F|  |TAMS 0x0000000709800000, 0x0000000709800000| Untracked 
| 137|0x0000000709900000, 0x0000000709900000, 0x0000000709a00000|  0%| F|  |TAMS 0x0000000709900000, 0x0000000709900000| Untracked 
| 138|0x0000000709a00000, 0x0000000709a00000, 0x0000000709b00000|  0%| F|  |TAMS 0x0000000709a00000, 0x0000000709a00000| Untracked 
| 139|0x0000000709b00000, 0x0000000709b00000, 0x0000000709c00000|  0%| F|  |TAMS 0x0000000709b00000, 0x0000000709b00000| Untracked 
| 140|0x0000000709c00000, 0x0000000709c00000, 0x0000000709d00000|  0%| F|  |TAMS 0x0000000709c00000, 0x0000000709c00000| Untracked 
| 141|0x0000000709d00000, 0x0000000709d00000, 0x0000000709e00000|  0%| F|  |TAMS 0x0000000709d00000, 0x0000000709d00000| Untracked 
| 142|0x0000000709e00000, 0x0000000709e00000, 0x0000000709f00000|  0%| F|  |TAMS 0x0000000709e00000, 0x0000000709e00000| Untracked 
| 143|0x0000000709f00000, 0x0000000709f00000, 0x000000070a000000|  0%| F|  |TAMS 0x0000000709f00000, 0x0000000709f00000| Untracked 
| 144|0x000000070a000000, 0x000000070a000000, 0x000000070a100000|  0%| F|  |TAMS 0x000000070a000000, 0x000000070a000000| Untracked 
| 145|0x000000070a100000, 0x000000070a100000, 0x000000070a200000|  0%| F|  |TAMS 0x000000070a100000, 0x000000070a100000| Untracked 
| 146|0x000000070a200000, 0x000000070a200000, 0x000000070a300000|  0%| F|  |TAMS 0x000000070a200000, 0x000000070a200000| Untracked 
| 147|0x000000070a300000, 0x000000070a300000, 0x000000070a400000|  0%| F|  |TAMS 0x000000070a300000, 0x000000070a300000| Untracked 
| 148|0x000000070a400000, 0x000000070a400000, 0x000000070a500000|  0%| F|  |TAMS 0x000000070a400000, 0x000000070a400000| Untracked 
| 149|0x000000070a500000, 0x000000070a500000, 0x000000070a600000|  0%| F|  |TAMS 0x000000070a500000, 0x000000070a500000| Untracked 
| 150|0x000000070a600000, 0x000000070a600000, 0x000000070a700000|  0%| F|  |TAMS 0x000000070a600000, 0x000000070a600000| Untracked 
| 151|0x000000070a700000, 0x000000070a700000, 0x000000070a800000|  0%| F|  |TAMS 0x000000070a700000, 0x000000070a700000| Untracked 
| 152|0x000000070a800000, 0x000000070a800000, 0x000000070a900000|  0%| F|  |TAMS 0x000000070a800000, 0x000000070a800000| Untracked 
| 153|0x000000070a900000, 0x000000070a900000, 0x000000070aa00000|  0%| F|  |TAMS 0x000000070a900000, 0x000000070a900000| Untracked 
| 154|0x000000070aa00000, 0x000000070aa00000, 0x000000070ab00000|  0%| F|  |TAMS 0x000000070aa00000, 0x000000070aa00000| Untracked 
| 155|0x000000070ab00000, 0x000000070ab00000, 0x000000070ac00000|  0%| F|  |TAMS 0x000000070ab00000, 0x000000070ab00000| Untracked 
| 156|0x000000070ac00000, 0x000000070ac00000, 0x000000070ad00000|  0%| F|  |TAMS 0x000000070ac00000, 0x000000070ac00000| Untracked 
| 157|0x000000070ad00000, 0x000000070ad00000, 0x000000070ae00000|  0%| F|  |TAMS 0x000000070ad00000, 0x000000070ad00000| Untracked 
| 158|0x000000070ae00000, 0x000000070ae00000, 0x000000070af00000|  0%| F|  |TAMS 0x000000070ae00000, 0x000000070ae00000| Untracked 
| 159|0x000000070af00000, 0x000000070af00000, 0x000000070b000000|  0%| F|  |TAMS 0x000000070af00000, 0x000000070af00000| Untracked 
| 160|0x000000070b000000, 0x000000070b000000, 0x000000070b100000|  0%| F|  |TAMS 0x000000070b000000, 0x000000070b000000| Untracked 
| 161|0x000000070b100000, 0x000000070b100000, 0x000000070b200000|  0%| F|  |TAMS 0x000000070b100000, 0x000000070b100000| Untracked 
| 162|0x000000070b200000, 0x000000070b200000, 0x000000070b300000|  0%| F|  |TAMS 0x000000070b200000, 0x000000070b200000| Untracked 
| 163|0x000000070b300000, 0x000000070b300000, 0x000000070b400000|  0%| F|  |TAMS 0x000000070b300000, 0x000000070b300000| Untracked 
| 164|0x000000070b400000, 0x000000070b400000, 0x000000070b500000|  0%| F|  |TAMS 0x000000070b400000, 0x000000070b400000| Untracked 
| 165|0x000000070b500000, 0x000000070b500000, 0x000000070b600000|  0%| F|  |TAMS 0x000000070b500000, 0x000000070b500000| Untracked 
| 166|0x000000070b600000, 0x000000070b600000, 0x000000070b700000|  0%| F|  |TAMS 0x000000070b600000, 0x000000070b600000| Untracked 
| 167|0x000000070b700000, 0x000000070b700000, 0x000000070b800000|  0%| F|  |TAMS 0x000000070b700000, 0x000000070b700000| Untracked 
| 168|0x000000070b800000, 0x000000070b800000, 0x000000070b900000|  0%| F|  |TAMS 0x000000070b800000, 0x000000070b800000| Untracked 
| 169|0x000000070b900000, 0x000000070b900000, 0x000000070ba00000|  0%| F|  |TAMS 0x000000070b900000, 0x000000070b900000| Untracked 
| 170|0x000000070ba00000, 0x000000070ba00000, 0x000000070bb00000|  0%| F|  |TAMS 0x000000070ba00000, 0x000000070ba00000| Untracked 
| 171|0x000000070bb00000, 0x000000070bb00000, 0x000000070bc00000|  0%| F|  |TAMS 0x000000070bb00000, 0x000000070bb00000| Untracked 
| 172|0x000000070bc00000, 0x000000070bc00000, 0x000000070bd00000|  0%| F|  |TAMS 0x000000070bc00000, 0x000000070bc00000| Untracked 
| 173|0x000000070bd00000, 0x000000070bd00000, 0x000000070be00000|  0%| F|  |TAMS 0x000000070bd00000, 0x000000070bd00000| Untracked 
| 174|0x000000070be00000, 0x000000070be00000, 0x000000070bf00000|  0%| F|  |TAMS 0x000000070be00000, 0x000000070be00000| Untracked 
| 175|0x000000070bf00000, 0x000000070bf00000, 0x000000070c000000|  0%| F|  |TAMS 0x000000070bf00000, 0x000000070bf00000| Untracked 
| 176|0x000000070c000000, 0x000000070c000000, 0x000000070c100000|  0%| F|  |TAMS 0x000000070c000000, 0x000000070c000000| Untracked 
| 177|0x000000070c100000, 0x000000070c100000, 0x000000070c200000|  0%| F|  |TAMS 0x000000070c100000, 0x000000070c100000| Untracked 
| 178|0x000000070c200000, 0x000000070c200000, 0x000000070c300000|  0%| F|  |TAMS 0x000000070c200000, 0x000000070c200000| Untracked 
| 179|0x000000070c300000, 0x000000070c300000, 0x000000070c400000|  0%| F|  |TAMS 0x000000070c300000, 0x000000070c300000| Untracked 
| 180|0x000000070c400000, 0x000000070c400000, 0x000000070c500000|  0%| F|  |TAMS 0x000000070c400000, 0x000000070c400000| Untracked 
| 181|0x000000070c500000, 0x000000070c500000, 0x000000070c600000|  0%| F|  |TAMS 0x000000070c500000, 0x000000070c500000| Untracked 
| 182|0x000000070c600000, 0x000000070c600000, 0x000000070c700000|  0%| F|  |TAMS 0x000000070c600000, 0x000000070c600000| Untracked 
| 183|0x000000070c700000, 0x000000070c700000, 0x000000070c800000|  0%| F|  |TAMS 0x000000070c700000, 0x000000070c700000| Untracked 
| 184|0x000000070c800000, 0x000000070c800000, 0x000000070c900000|  0%| F|  |TAMS 0x000000070c800000, 0x000000070c800000| Untracked 
| 185|0x000000070c900000, 0x000000070c900000, 0x000000070ca00000|  0%| F|  |TAMS 0x000000070c900000, 0x000000070c900000| Untracked 
| 186|0x000000070ca00000, 0x000000070ca00000, 0x000000070cb00000|  0%| F|  |TAMS 0x000000070ca00000, 0x000000070ca00000| Untracked 
| 187|0x000000070cb00000, 0x000000070cb00000, 0x000000070cc00000|  0%| F|  |TAMS 0x000000070cb00000, 0x000000070cb00000| Untracked 
| 188|0x000000070cc00000, 0x000000070cc00000, 0x000000070cd00000|  0%| F|  |TAMS 0x000000070cc00000, 0x000000070cc00000| Untracked 
| 189|0x000000070cd00000, 0x000000070cd00000, 0x000000070ce00000|  0%| F|  |TAMS 0x000000070cd00000, 0x000000070cd00000| Untracked 
| 190|0x000000070ce00000, 0x000000070ce00000, 0x000000070cf00000|  0%| F|  |TAMS 0x000000070ce00000, 0x000000070ce00000| Untracked 
| 191|0x000000070cf00000, 0x000000070cf00000, 0x000000070d000000|  0%| F|  |TAMS 0x000000070cf00000, 0x000000070cf00000| Untracked 
| 192|0x000000070d000000, 0x000000070d000000, 0x000000070d100000|  0%| F|  |TAMS 0x000000070d000000, 0x000000070d000000| Untracked 
| 193|0x000000070d100000, 0x000000070d100000, 0x000000070d200000|  0%| F|  |TAMS 0x000000070d100000, 0x000000070d100000| Untracked 
| 194|0x000000070d200000, 0x000000070d200000, 0x000000070d300000|  0%| F|  |TAMS 0x000000070d200000, 0x000000070d200000| Untracked 
| 195|0x000000070d300000, 0x000000070d300000, 0x000000070d400000|  0%| F|  |TAMS 0x000000070d300000, 0x000000070d300000| Untracked 
| 196|0x000000070d400000, 0x000000070d400000, 0x000000070d500000|  0%| F|  |TAMS 0x000000070d400000, 0x000000070d400000| Untracked 
| 197|0x000000070d500000, 0x000000070d500000, 0x000000070d600000|  0%| F|  |TAMS 0x000000070d500000, 0x000000070d500000| Untracked 
| 198|0x000000070d600000, 0x000000070d600000, 0x000000070d700000|  0%| F|  |TAMS 0x000000070d600000, 0x000000070d600000| Untracked 
| 199|0x000000070d700000, 0x000000070d700000, 0x000000070d800000|  0%| F|  |TAMS 0x000000070d700000, 0x000000070d700000| Untracked 
| 200|0x000000070d800000, 0x000000070d800000, 0x000000070d900000|  0%| F|  |TAMS 0x000000070d800000, 0x000000070d800000| Untracked 
| 201|0x000000070d900000, 0x000000070d900000, 0x000000070da00000|  0%| F|  |TAMS 0x000000070d900000, 0x000000070d900000| Untracked 
| 202|0x000000070da00000, 0x000000070da00000, 0x000000070db00000|  0%| F|  |TAMS 0x000000070da00000, 0x000000070da00000| Untracked 
| 203|0x000000070db00000, 0x000000070db00000, 0x000000070dc00000|  0%| F|  |TAMS 0x000000070db00000, 0x000000070db00000| Untracked 
| 204|0x000000070dc00000, 0x000000070dc00000, 0x000000070dd00000|  0%| F|  |TAMS 0x000000070dc00000, 0x000000070dc00000| Untracked 
| 205|0x000000070dd00000, 0x000000070dd00000, 0x000000070de00000|  0%| F|  |TAMS 0x000000070dd00000, 0x000000070dd00000| Untracked 
| 206|0x000000070de00000, 0x000000070de00000, 0x000000070df00000|  0%| F|  |TAMS 0x000000070de00000, 0x000000070de00000| Untracked 
| 207|0x000000070df00000, 0x000000070df00000, 0x000000070e000000|  0%| F|  |TAMS 0x000000070df00000, 0x000000070df00000| Untracked 
| 208|0x000000070e000000, 0x000000070e000000, 0x000000070e100000|  0%| F|  |TAMS 0x000000070e000000, 0x000000070e000000| Untracked 
| 209|0x000000070e100000, 0x000000070e100000, 0x000000070e200000|  0%| F|  |TAMS 0x000000070e100000, 0x000000070e100000| Untracked 
| 210|0x000000070e200000, 0x000000070e200000, 0x000000070e300000|  0%| F|  |TAMS 0x000000070e200000, 0x000000070e200000| Untracked 
| 211|0x000000070e300000, 0x000000070e300000, 0x000000070e400000|  0%| F|  |TAMS 0x000000070e300000, 0x000000070e300000| Untracked 
| 212|0x000000070e400000, 0x000000070e400000, 0x000000070e500000|  0%| F|  |TAMS 0x000000070e400000, 0x000000070e400000| Untracked 
| 213|0x000000070e500000, 0x000000070e500000, 0x000000070e600000|  0%| F|  |TAMS 0x000000070e500000, 0x000000070e500000| Untracked 
| 214|0x000000070e600000, 0x000000070e600000, 0x000000070e700000|  0%| F|  |TAMS 0x000000070e600000, 0x000000070e600000| Untracked 
| 215|0x000000070e700000, 0x000000070e700000, 0x000000070e800000|  0%| F|  |TAMS 0x000000070e700000, 0x000000070e700000| Untracked 
| 216|0x000000070e800000, 0x000000070e800000, 0x000000070e900000|  0%| F|  |TAMS 0x000000070e800000, 0x000000070e800000| Untracked 
| 217|0x000000070e900000, 0x000000070e900000, 0x000000070ea00000|  0%| F|  |TAMS 0x000000070e900000, 0x000000070e900000| Untracked 
| 218|0x000000070ea00000, 0x000000070ea00000, 0x000000070eb00000|  0%| F|  |TAMS 0x000000070ea00000, 0x000000070ea00000| Untracked 
| 219|0x000000070eb00000, 0x000000070eb00000, 0x000000070ec00000|  0%| F|  |TAMS 0x000000070eb00000, 0x000000070eb00000| Untracked 
| 220|0x000000070ec00000, 0x000000070ec00000, 0x000000070ed00000|  0%| F|  |TAMS 0x000000070ec00000, 0x000000070ec00000| Untracked 
| 221|0x000000070ed00000, 0x000000070ed00000, 0x000000070ee00000|  0%| F|  |TAMS 0x000000070ed00000, 0x000000070ed00000| Untracked 
| 222|0x000000070ee00000, 0x000000070ee00000, 0x000000070ef00000|  0%| F|  |TAMS 0x000000070ee00000, 0x000000070ee00000| Untracked 
| 223|0x000000070ef00000, 0x000000070ef00000, 0x000000070f000000|  0%| F|  |TAMS 0x000000070ef00000, 0x000000070ef00000| Untracked 
| 224|0x000000070f000000, 0x000000070f000000, 0x000000070f100000|  0%| F|  |TAMS 0x000000070f000000, 0x000000070f000000| Untracked 
| 225|0x000000070f100000, 0x000000070f100000, 0x000000070f200000|  0%| F|  |TAMS 0x000000070f100000, 0x000000070f100000| Untracked 
| 226|0x000000070f200000, 0x000000070f200000, 0x000000070f300000|  0%| F|  |TAMS 0x000000070f200000, 0x000000070f200000| Untracked 
| 227|0x000000070f300000, 0x000000070f300000, 0x000000070f400000|  0%| F|  |TAMS 0x000000070f300000, 0x000000070f300000| Untracked 
| 228|0x000000070f400000, 0x000000070f400000, 0x000000070f500000|  0%| F|  |TAMS 0x000000070f400000, 0x000000070f400000| Untracked 
| 229|0x000000070f500000, 0x000000070f500000, 0x000000070f600000|  0%| F|  |TAMS 0x000000070f500000, 0x000000070f500000| Untracked 
| 230|0x000000070f600000, 0x000000070f600000, 0x000000070f700000|  0%| F|  |TAMS 0x000000070f600000, 0x000000070f600000| Untracked 
| 231|0x000000070f700000, 0x000000070f700000, 0x000000070f800000|  0%| F|  |TAMS 0x000000070f700000, 0x000000070f700000| Untracked 
| 232|0x000000070f800000, 0x000000070f900000, 0x000000070f900000|100%| E|CS|TAMS 0x000000070f800000, 0x000000070f800000| Complete 
| 233|0x000000070f900000, 0x000000070fa00000, 0x000000070fa00000|100%| E|CS|TAMS 0x000000070f900000, 0x000000070f900000| Complete 
| 234|0x000000070fa00000, 0x000000070fb00000, 0x000000070fb00000|100%| E|CS|TAMS 0x000000070fa00000, 0x000000070fa00000| Complete 
| 235|0x000000070fb00000, 0x000000070fc00000, 0x000000070fc00000|100%| E|CS|TAMS 0x000000070fb00000, 0x000000070fb00000| Complete 
| 236|0x000000070fc00000, 0x000000070fd00000, 0x000000070fd00000|100%| E|CS|TAMS 0x000000070fc00000, 0x000000070fc00000| Complete 
| 237|0x000000070fd00000, 0x000000070fe00000, 0x000000070fe00000|100%| E|CS|TAMS 0x000000070fd00000, 0x000000070fd00000| Complete 
| 238|0x000000070fe00000, 0x000000070ff00000, 0x000000070ff00000|100%| E|CS|TAMS 0x000000070fe00000, 0x000000070fe00000| Complete 
| 239|0x000000070ff00000, 0x0000000710000000, 0x0000000710000000|100%| E|CS|TAMS 0x000000070ff00000, 0x000000070ff00000| Complete 
| 240|0x0000000710000000, 0x0000000710100000, 0x0000000710100000|100%| E|CS|TAMS 0x0000000710000000, 0x0000000710000000| Complete 
| 241|0x0000000710100000, 0x0000000710200000, 0x0000000710200000|100%| E|CS|TAMS 0x0000000710100000, 0x0000000710100000| Complete 
| 242|0x0000000710200000, 0x0000000710300000, 0x0000000710300000|100%| E|CS|TAMS 0x0000000710200000, 0x0000000710200000| Complete 
| 243|0x0000000710300000, 0x0000000710400000, 0x0000000710400000|100%| E|CS|TAMS 0x0000000710300000, 0x0000000710300000| Complete 
| 244|0x0000000710400000, 0x0000000710500000, 0x0000000710500000|100%| E|CS|TAMS 0x0000000710400000, 0x0000000710400000| Complete 
| 245|0x0000000710500000, 0x0000000710600000, 0x0000000710600000|100%| E|CS|TAMS 0x0000000710500000, 0x0000000710500000| Complete 
| 246|0x0000000710600000, 0x0000000710700000, 0x0000000710700000|100%| E|CS|TAMS 0x0000000710600000, 0x0000000710600000| Complete 
| 247|0x0000000710700000, 0x0000000710800000, 0x0000000710800000|100%| E|CS|TAMS 0x0000000710700000, 0x0000000710700000| Complete 
| 248|0x0000000710800000, 0x0000000710900000, 0x0000000710900000|100%| E|CS|TAMS 0x0000000710800000, 0x0000000710800000| Complete 
| 249|0x0000000710900000, 0x0000000710a00000, 0x0000000710a00000|100%| E|CS|TAMS 0x0000000710900000, 0x0000000710900000| Complete 
| 250|0x0000000710a00000, 0x0000000710b00000, 0x0000000710b00000|100%| E|CS|TAMS 0x0000000710a00000, 0x0000000710a00000| Complete 
| 251|0x0000000710b00000, 0x0000000710c00000, 0x0000000710c00000|100%| E|CS|TAMS 0x0000000710b00000, 0x0000000710b00000| Complete 
| 252|0x0000000710c00000, 0x0000000710d00000, 0x0000000710d00000|100%| E|CS|TAMS 0x0000000710c00000, 0x0000000710c00000| Complete 
| 253|0x0000000710d00000, 0x0000000710e00000, 0x0000000710e00000|100%| E|CS|TAMS 0x0000000710d00000, 0x0000000710d00000| Complete 
| 254|0x0000000710e00000, 0x0000000710f00000, 0x0000000710f00000|100%| E|CS|TAMS 0x0000000710e00000, 0x0000000710e00000| Complete 
| 255|0x0000000710f00000, 0x0000000711000000, 0x0000000711000000|100%| E|CS|TAMS 0x0000000710f00000, 0x0000000710f00000| Complete 

Card table byte_map: [0x000002284c4e0000,0x000002284cce0000] _byte_map_base: 0x0000022848cd8000

Marking Bits (Prev, Next): (CMBitMap*) 0x00000228388b2be8, (CMBitMap*) 0x00000228388b2c20
 Prev Bits: [0x000002284d4e0000, 0x00000228514a0000)
 Next Bits: [0x00000228514a0000, 0x0000022855460000)

Polling page: 0x0000022838020000

Metaspace:

Usage:
  Non-class:      6.83 MB capacity,     6.75 MB ( 99%) used,    73.72 KB (  1%) free+waste,    10.56 KB ( <1%) overhead. 
      Class:    755.00 KB capacity,   681.50 KB ( 90%) used,    68.19 KB (  9%) free+waste,     5.31 KB ( <1%) overhead. 
       Both:      7.57 MB capacity,     7.42 MB ( 98%) used,   141.91 KB (  2%) free+waste,    15.88 KB ( <1%) overhead. 

Virtual space:
  Non-class space:        8.00 MB reserved,       7.00 MB ( 88%) committed 
      Class space:        1.00 GB reserved,     768.00 KB ( <1%) committed 
             Both:        1.01 GB reserved,       7.75 MB ( <1%) committed 

Chunk freelists:
   Non-Class:  43.00 KB
       Class:  13.00 KB
        Both:  56.00 KB

MaxMetaspaceSize: 17179869184.00 GB
CompressedClassSpaceSize: 1.00 GB

CodeHeap 'non-profiled nmethods': size=119168Kb used=132Kb max_used=132Kb free=119035Kb
 bounds [0x0000022844000000, 0x0000022844270000, 0x000002284b460000]
CodeHeap 'profiled nmethods': size=119168Kb used=820Kb max_used=820Kb free=118347Kb
 bounds [0x000002283cba0000, 0x000002283ce10000, 0x0000022844000000]
CodeHeap 'non-nmethods': size=7424Kb used=2780Kb max_used=2793Kb free=4643Kb
 bounds [0x000002283c460000, 0x000002283c720000, 0x000002283cba0000]
 total_blobs=930 nmethods=531 adapters=308
 compilation: enabled
              stopped_count=0, restarted_count=0
 full_count=0

Compilation events (20 events):
Event: 0.222 Thread 0x000002285962e000  519       4       java.util.ArrayList::iterator (9 bytes)
Event: 0.223 Thread 0x0000022858ece000 nmethod 525 0x000002284401e810 code [0x000002284401e9e0, 0x000002284401eb68]
Event: 0.223 Thread 0x0000022859423000  529       1       java.lang.Thread::isDaemon (5 bytes)
Event: 0.223 Thread 0x0000022858ece000  523       4       rendering.Vector3d::magnitude (36 bytes)
Event: 0.223 Thread 0x0000022858edc800  530       1       java.lang.Thread::getPriority (5 bytes)
Event: 0.223 Thread 0x000002285962e000 nmethod 519 0x000002284401ec90 code [0x000002284401ee20, 0x000002284401ef18]
Event: 0.223 Thread 0x0000022858edc800 nmethod 530 0x000002284401f010 code [0x000002284401f1c0, 0x000002284401f278]
Event: 0.223 Thread 0x0000022859423000 nmethod 529 0x000002284401f310 code [0x000002284401f4c0, 0x000002284401f578]
Event: 0.223 Thread 0x000002285962e000  508       4       java.util.Optional::empty (6 bytes)
Event: 0.223 Thread 0x0000022859608000 nmethod 518 0x000002284401f610 code [0x000002284401f7c0, 0x000002284401fad8]
Event: 0.224 Thread 0x000002285962e000 nmethod 508 0x000002284401fd10 code [0x000002284401fea0, 0x000002284401fef8]
Event: 0.224 Thread 0x0000022859608000  521       4       java.util.PriorityQueue::peek (7 bytes)
Event: 0.224 Thread 0x0000022858ece000 nmethod 523 0x000002284401ff90 code [0x0000022844020120, 0x00000228440201b8]
Event: 0.224 Thread 0x000002285957b000  532       3       java.util.HashSet::add (20 bytes)
Event: 0.224 Thread 0x000002285957b000 nmethod 532 0x000002283cc6cc90 code [0x000002283cc6ce60, 0x000002283cc6d0a8]
Event: 0.224 Thread 0x000002285962c800 nmethod 516 0x0000022844020710 code [0x00000228440208c0, 0x0000022844020b18]
Event: 0.224 Thread 0x000002285962e000  533       4       rendering.Ray::<init> (18 bytes)
Event: 0.224 Thread 0x0000022859608000 nmethod 521 0x0000022844020d90 code [0x0000022844020f20, 0x0000022844020fb8]
Event: 0.224 Thread 0x0000022858ece000  534       4       rendering.Camera::convertToFixedSystem (40 bytes)
Event: 0.224 Thread 0x000002285962c800  535       4       rendering.BVH::intersect (320 bytes)

GC Heap History (0 events):
No events

Deoptimization events (4 events):
Event: 0.094 Thread 0x000002283884b800 Uncommon trap: trap_request=0xffffff4d fr.pc=0x000002284400441c relative=0x00000000000001fc
Event: 0.094 Thread 0x000002283884b800 Uncommon trap: reason=unstable_if action=reinterpret pc=0x000002284400441c method=java.lang.String.hashCode()I @ 14 c2
Event: 0.094 Thread 0x000002283884b800 DEOPT PACKING pc=0x000002284400441c sp=0x0000009531afe230
Event: 0.094 Thread 0x000002283884b800 DEOPT UNPACKING pc=0x000002283c487b2f sp=0x0000009531afe1c8 mode 2

Classes redefined (0 events):
No events

Internal exceptions (8 events):
Event: 0.133 Thread 0x000002283884b800 Exception <a 'java/lang/ClassNotFoundException'{0x0000000710e5a468}: sun/awt/resources/spi/awtProvider> (0x0000000710e5a468) thrown at [./src/hotspot/share/classfile/systemDictionary.cpp, line 232]
Event: 0.170 Thread 0x000002283884b800 Exception <a 'java/io/FileNotFoundException'{0x0000000710ef5a18}> (0x0000000710ef5a18) thrown at [./src/hotspot/share/prims/jni.cpp, line 616]
Event: 0.178 Thread 0x000002283884b800 Exception <a 'java/lang/NoSuchMethodError'{0x0000000710d5ace8}: 'java.lang.Object java.lang.invoke.DirectMethodHandle$Holder.invokeStatic(java.lang.Object, java.lang.Object, java.lang.Object, java.lang.Object, java.lang.Object, java.lang.Object, java.lang.Object, java.lang.Object, java.lang.Object, java.lang.Object, java.lang.Object, java.lang.Object, java.lang.Object, java.lang.Object, java.lang.Object)'> (0x0000000710d5ace8) thrown at [./src/hotspot/share/interpreter/linkResolver.cpp, line 779]
Event: 0.180 Thread 0x000002283884b800 Exception <a 'java/lang/NoSuchMethodError'{0x0000000710d68a58}: 'java.lang.Object java.lang.invoke.DirectMethodHandle$Holder.invokeStatic(java.lang.Object, java.lang.Object, java.lang.Object, java.lang.Object, java.lang.Object, java.lang.Object, java.lang.Object, java.lang.Object, java.lang.Object, java.lang.Object, java.lang.Object, java.lang.Object, java.lang.Object, java.lang.Object, java.lang.Object, java.lang.Object)'> (0x0000000710d68a58) thrown at [./src/hotspot/share/interpreter/linkResolver.cpp, l
Event: 0.181 Thread 0x000002283884b800 Exception <a 'java/lang/NoSuchMethodError'{0x0000000710d766c8}: 'java.lang.Object java.lang.invoke.DirectMethodHandle$Holder.invokeSpecial(java.lang.Object, java.lang.Object, int, int, java.lang.Object, java.lang.Object, java.lang.Object)'> (0x0000000710d766c8) thrown at [./src/hotspot/share/interpreter/linkResolver.cpp, line 779]
Event: 0.181 Thread 0x000002283884b800 Exception <a 'java/lang/NoSuchMethodError'{0x0000000710d79c58}: 'java.lang.Object java.lang.invoke.DelegatingMethodHandle$Holder.reinvoke_L(java.lang.Object, int, int, java.lang.Object, java.lang.Object, java.lang.Object)'> (0x0000000710d79c58) thrown at [./src/hotspot/share/interpreter/linkResolver.cpp, line 779]
Event: 0.181 Thread 0x000002283884b800 Exception <a 'java/lang/NoSuchMethodError'{0x0000000710d7e238}: 'java.lang.Object java.lang.invoke.DirectMethodHandle$Holder.invokeStatic(java.lang.Object, java.lang.Object, java.lang.Object, java.lang.Object, int)'> (0x0000000710d7e238) thrown at [./src/hotspot/share/interpreter/linkResolver.cpp, line 779]
Event: 0.189 Thread 0x000002283884b800 Exception <a 'java/io/FileNotFoundException'{0x0000000710de0b40}> (0x0000000710de0b40) thrown at [./src/hotspot/share/prims/jni.cpp, line 616]

Events (20 events):
Event: 0.218 Thread 0x000002285962c800 Thread added: 0x000002285962c800
Event: 0.219 Thread 0x000002285962e000 Thread added: 0x000002285962e000
Event: 0.221 Thread 0x00000228595c9000 Thread added: 0x00000228595c9000
Event: 0.221 Thread 0x00000228595c6800 Thread added: 0x00000228595c6800
Event: 0.221 Thread 0x00000228595ca000 Thread added: 0x00000228595ca000
Event: 0.222 Thread 0x00000228595c6000 Thread added: 0x00000228595c6000
Event: 0.222 Thread 0x00000228595c4800 Thread added: 0x00000228595c4800
Event: 0.222 Thread 0x00000228595cb000 Thread added: 0x00000228595cb000
Event: 0.222 Thread 0x00000228595c7800 Thread added: 0x00000228595c7800
Event: 0.222 Thread 0x00000228595cc800 Thread added: 0x00000228595cc800
Event: 0.223 Thread 0x00000228595cd800 Thread added: 0x00000228595cd800
Event: 0.223 Thread 0x00000228595ce000 Thread added: 0x00000228595ce000
Event: 0.223 Thread 0x00000228595cf000 Thread added: 0x00000228595cf000
Event: 0.223 Thread 0x00000228595cb800 Thread added: 0x00000228595cb800
Event: 0.223 Thread 0x00000228595cf800 Thread added: 0x00000228595cf800
Event: 0.223 Thread 0x00000228595d0800 Thread added: 0x00000228595d0800
Event: 0.223 Thread 0x00000228595d1800 Thread added: 0x00000228595d1800
Event: 0.224 Thread 0x0000022859652800 Thread added: 0x0000022859652800
Event: 0.224 Thread 0x0000022859654000 Thread added: 0x0000022859654000
Event: 0.226 Executing VM operation: G1CollectForAllocation


Dynamic libraries:
0x00007ff7e6a20000 - 0x00007ff7e6a2a000 	D:\Program Files\JetBrains\IntelliJ IDEA 2019.3.2\jbr\bin\java.exe
0x00007ff907a80000 - 0x00007ff907c70000 	C:\WINDOWS\SYSTEM32\ntdll.dll
0x00007ff905b60000 - 0x00007ff905c12000 	C:\WINDOWS\System32\KERNEL32.DLL
0x00007ff9052b0000 - 0x00007ff905555000 	C:\WINDOWS\System32\KERNELBASE.dll
0x00007ff905600000 - 0x00007ff9056fa000 	C:\WINDOWS\System32\ucrtbase.dll
0x00007ff8bb380000 - 0x00007ff8bb399000 	D:\Program Files\JetBrains\IntelliJ IDEA 2019.3.2\jbr\bin\jli.dll
0x00007ff8a5c50000 - 0x00007ff8a5c67000 	D:\Program Files\JetBrains\IntelliJ IDEA 2019.3.2\jbr\bin\VCRUNTIME140.dll
0x00007ff907790000 - 0x00007ff907924000 	C:\WINDOWS\System32\USER32.dll
0x00007ff905220000 - 0x00007ff905241000 	C:\WINDOWS\System32\win32u.dll
0x00007ff905eb0000 - 0x00007ff905ed6000 	C:\WINDOWS\System32\GDI32.dll
0x00007ff8f75d0000 - 0x00007ff8f7854000 	C:\WINDOWS\WinSxS\amd64_microsoft.windows.common-controls_6595b64144ccf1df_6.0.18362.1556_none_9e7e372fe45e41d5\COMCTL32.dll
0x00007ff905990000 - 0x00007ff905b28000 	C:\WINDOWS\System32\gdi32full.dll
0x00007ff906c30000 - 0x00007ff906cce000 	C:\WINDOWS\System32\msvcrt.dll
0x00007ff905560000 - 0x00007ff9055fe000 	C:\WINDOWS\System32\msvcp_win.dll
0x00007ff906140000 - 0x00007ff906476000 	C:\WINDOWS\System32\combase.dll
0x00007ff906020000 - 0x00007ff90613f000 	C:\WINDOWS\System32\RPCRT4.dll
0x00007ff905900000 - 0x00007ff905981000 	C:\WINDOWS\System32\bcryptPrimitives.dll
0x00007ff907430000 - 0x00007ff90745e000 	C:\WINDOWS\System32\IMM32.DLL
0x00007ff87a5c0000 - 0x00007ff87a65d000 	D:\Program Files\JetBrains\IntelliJ IDEA 2019.3.2\jbr\bin\msvcp140.dll
0x00007ff87aea0000 - 0x00007ff87b9ef000 	D:\Program Files\JetBrains\IntelliJ IDEA 2019.3.2\jbr\bin\server\jvm.dll
0x00007ff907660000 - 0x00007ff907703000 	C:\WINDOWS\System32\ADVAPI32.dll
0x00007ff907930000 - 0x00007ff9079c7000 	C:\WINDOWS\System32\sechost.dll
0x00007ff907a30000 - 0x00007ff907a38000 	C:\WINDOWS\System32\PSAPI.DLL
0x00007ff8de3e0000 - 0x00007ff8de3e9000 	C:\WINDOWS\SYSTEM32\WSOCK32.dll
0x00007ff9012f0000 - 0x00007ff901314000 	C:\WINDOWS\SYSTEM32\WINMM.dll
0x00007ff8fd170000 - 0x00007ff8fd17a000 	C:\WINDOWS\SYSTEM32\VERSION.dll
0x00007ff906cd0000 - 0x00007ff906d3f000 	C:\WINDOWS\System32\WS2_32.dll
0x00007ff9012c0000 - 0x00007ff9012ed000 	C:\WINDOWS\SYSTEM32\winmmbase.dll
0x00007ff905880000 - 0x00007ff9058ca000 	C:\WINDOWS\System32\cfgmgr32.dll
0x00007ff9049d0000 - 0x00007ff9049e1000 	C:\WINDOWS\System32\kernel.appcore.dll
0x00007ff8f5ab0000 - 0x00007ff8f5ac1000 	D:\Program Files\JetBrains\IntelliJ IDEA 2019.3.2\jbr\bin\verify.dll
0x00007ff903160000 - 0x00007ff903354000 	C:\WINDOWS\SYSTEM32\DBGHELP.DLL
0x00007ff8f6910000 - 0x00007ff8f693a000 	C:\WINDOWS\SYSTEM32\dbgcore.DLL
0x00007ff8d7580000 - 0x00007ff8d75a9000 	D:\Program Files\JetBrains\IntelliJ IDEA 2019.3.2\jbr\bin\java.dll
0x00007ff8f5dd0000 - 0x00007ff8f5ddb000 	D:\Program Files\JetBrains\IntelliJ IDEA 2019.3.2\jbr\bin\jimage.dll
0x00007ff8d1e60000 - 0x00007ff8d1e78000 	D:\Program Files\JetBrains\IntelliJ IDEA 2019.3.2\jbr\bin\zip.dll
0x00007ff906490000 - 0x00007ff906b77000 	C:\WINDOWS\System32\SHELL32.dll
0x00007ff906b80000 - 0x00007ff906c28000 	C:\WINDOWS\System32\shcore.dll
0x00007ff9049f0000 - 0x00007ff90516b000 	C:\WINDOWS\System32\windows.storage.dll
0x00007ff904940000 - 0x00007ff90495e000 	C:\WINDOWS\System32\profapi.dll
0x00007ff904980000 - 0x00007ff9049ca000 	C:\WINDOWS\System32\powrprof.dll
0x00007ff904930000 - 0x00007ff904940000 	C:\WINDOWS\System32\UMPDC.dll
0x00007ff9079d0000 - 0x00007ff907a22000 	C:\WINDOWS\System32\shlwapi.dll
0x00007ff905860000 - 0x00007ff905877000 	C:\WINDOWS\System32\cryptsp.dll
0x00007ff8cc3e0000 - 0x00007ff8cc3fa000 	D:\Program Files\JetBrains\IntelliJ IDEA 2019.3.2\jbr\bin\net.dll
0x00007ff8ffa70000 - 0x00007ff8ffb6a000 	C:\WINDOWS\SYSTEM32\WINHTTP.dll
0x00007ff904170000 - 0x00007ff9041d7000 	C:\WINDOWS\system32\mswsock.dll
0x00007ff8cc390000 - 0x00007ff8cc3a4000 	D:\Program Files\JetBrains\IntelliJ IDEA 2019.3.2\jbr\bin\nio.dll
0x00007ff87acf0000 - 0x00007ff87ae95000 	D:\Program Files\JetBrains\IntelliJ IDEA 2019.3.2\jbr\bin\awt.dll
0x00007ff907460000 - 0x00007ff907525000 	C:\WINDOWS\System32\OLEAUT32.dll
0x00007ff902db0000 - 0x00007ff902ddd000 	C:\WINDOWS\SYSTEM32\dwmapi.dll
0x00007ff902850000 - 0x00007ff9028df000 	C:\WINDOWS\SYSTEM32\apphelp.dll

dbghelp: loaded successfully - version: 4.0.5 - missing functions: none
symbol engine: initialized successfully - sym options: 0x614 - pdb path: .;D:\Program Files\JetBrains\IntelliJ IDEA 2019.3.2\jbr\bin;C:\WINDOWS\SYSTEM32;C:\WINDOWS\WinSxS\amd64_microsoft.windows.common-controls_6595b64144ccf1df_6.0.18362.1556_none_9e7e372fe45e41d5;D:\Program Files\JetBrains\IntelliJ IDEA 2019.3.2\jbr\bin\server

VM Arguments:
jvm_args: -Dfile.encoding=windows-1252 
java_command: C:\Users\Ricky\IdeaProjects\RayTracer\out\artifacts\RayTracer_jar\RayTracer.jar
java_class_path (initial): C:\Users\Ricky\IdeaProjects\RayTracer\out\artifacts\RayTracer_jar\RayTracer.jar
Launcher Type: SUN_STANDARD

[Global flags]
     intx CICompilerCount                          = 12                                        {product} {ergonomic}
     uint ConcGCThreads                            = 3                                         {product} {ergonomic}
     uint G1ConcRefinementThreads                  = 13                                        {product} {ergonomic}
   size_t G1HeapRegionSize                         = 1048576                                   {product} {ergonomic}
    uintx GCDrainStackTargetSize                   = 64                                        {product} {ergonomic}
   size_t InitialHeapSize                          = 268435456                                 {product} {ergonomic}
   size_t MarkStackSize                            = 4194304                                   {product} {ergonomic}
   size_t MaxHeapSize                              = 4278190080                                {product} {ergonomic}
   size_t MaxNewSize                               = 2566914048                                {product} {ergonomic}
   size_t MinHeapDeltaBytes                        = 1048576                                   {product} {ergonomic}
    uintx NonNMethodCodeHeapSize                   = 7594288                                {pd product} {ergonomic}
    uintx NonProfiledCodeHeapSize                  = 122031976                              {pd product} {ergonomic}
    uintx ProfiledCodeHeapSize                     = 122031976                              {pd product} {ergonomic}
    uintx ReservedCodeCacheSize                    = 251658240                              {pd product} {ergonomic}
     bool SegmentedCodeCache                       = true                                      {product} {ergonomic}
     bool UseCompressedClassPointers               = true                                 {lp64_product} {ergonomic}
     bool UseCompressedOops                        = true                                 {lp64_product} {ergonomic}
     bool UseG1GC                                  = true                                      {product} {ergonomic}
     bool UseLargePagesIndividualAllocation        = false                                  {pd product} {ergonomic}

Logging:
Log output configuration:
 #0: stdout all=warning uptime,level,tags
 #1: stderr all=off uptime,level,tags

Environment Variables:
PATH=D:\Program Files\JetBrains\IntelliJ IDEA 2019.3.2\jbr\bin;C:\Program Files\Java\jdk1.8.0_291\bin;C:\Postgres10\bin;C:\Postgres10\lib;C:\Windows\System32;C:\WINDOWS\system32;C:\WINDOWS;C:\WINDOWS\System32\Wbem;C:\WINDOWS\System32\WindowsPowerShell\v1.0\;C:\WINDOWS\System32\OpenSSH\;C:\Program Files (x86)\NVIDIA Corporation\PhysX\Common;C:\Program Files\NVIDIA Corporation\NVIDIA NvDLISR;D:\Program Files\Brackets\command;D:\Program Files\bin;C:\Program Files\dotnet\;C:\Program Files\Git\cmd;C:\Program Files\MySQL\MySQL Shell 8.0\bin\;C:\Users\Ricky\AppData\Local\Programs\Python\Python37-32\Scripts\;C:\Users\Ricky\AppData\Local\Programs\Python\Python37-32\;C:\Users\Ricky\AppData\Local\Microsoft\WindowsApps;C:\Users\Ricky\.dotnet\tools;C:\Users\Ricky\AppData\Local\GitHubDesktop\bin;;C:\Users\Ricky\AppData\Local\Microsoft\WindowsApps;D:\Program Files\JetBrains\IntelliJ IDEA 2019.3.2\bin;
USERNAME=Ricky
OS=Windows_NT
PROCESSOR_IDENTIFIER=AMD64 Family 23 Model 1 Stepping 1, AuthenticAMD



---------------  S Y S T E M  ---------------

OS: Windows 10 , 64 bit Build 18362 (10.0.18362.1500)
OS uptime: 0 days 2:54 hours

CPU:total 16 (initial active 16) (16 cores per cpu, 2 threads per core) family 23 model 1 stepping 1 microcode 0x0, cmov, cx8, fxsr, mmx, sse, sse2, sse3, ssse3, sse4.1, sse4.2, popcnt, avx, avx2, aes, clmul, mmxext, 3dnowpref, lzcnt, sse4a, ht, tsc, tscinvbit, tscinv, bmi1, bmi2, adx, s

Memory: 4k page, system-wide physical 16315M (7251M free)
TotalPageFile size 24413M (AvailPageFile size 7197M)
current process WorkingSet (physical memory assigned to process): 69M, peak: 69M
current process commit charge ("private bytes"): 361M, peak: 361M

vm_info: Dynamic Code Evolution 64-Bit Server VM (11.0.10+9-b1341.41) for windows-amd64 JRE (11.0.10+9-b1341.41), built on Apr 17 2021 07:18:15 by "" with MS VC++ 14.0 (VS2015)

END.
